[debug] [2026-03-08T06:01:47.525Z] ----------------------------------------------------------------------
[debug] [2026-03-08T06:01:47.553Z] Command:       /data/data/com.termux/files/usr/bin/node /data/data/com.termux/files/usr/bin/firebase init
[debug] [2026-03-08T06:01:47.556Z] CLI Version:   15.8.0
[debug] [2026-03-08T06:01:47.557Z] Platform:      android
[debug] [2026-03-08T06:01:47.558Z] Node Version:  v25.3.0
[debug] [2026-03-08T06:01:47.559Z] Time:          Sun Mar 08 2026 09:01:47 GMT+0300 (East Africa Time)
[debug] [2026-03-08T06:01:47.560Z] ----------------------------------------------------------------------
[debug] 
[info] 
     ######## #### ########  ######## ########     ###     ######  ########
     ##        ##  ##     ## ##       ##     ##  ##   ##  ##       ##
     ######    ##  ########  ######   ########  #########  ######  ######
     ##        ##  ##    ##  ##       ##     ## ##     ##       ## ##
     ##       #### ##     ## ######## ########  ##     ##  ######  ########

You're about to initialize a Firebase project in this directory:

  /data/data/com.termux/files/home/badawy-tv.github.io

[debug] [2026-03-08T06:07:11.909Z] Error: Timed out.
    at Timeout._onTimeout (/data/data/com.termux/files/usr/lib/node_modules/firebase-tools/lib/utils.js:308:49)
    at listOnTimeout (node:internal/timers:605:17)
    at process.processTimers (node:internal/timers:541:7)
[error] 
[error] Error: An unexpected error has occurred.
